C:\USERS\LAHIRU\DOCUMENTS\VISUAL STUDIO 2012\PROJECTS\GELDOCSYSTEM\GELWRAPPER\DEBUG\GELWRAPPER.PCH
C:\USERS\LAHIRU\DOCUMENTS\VISUAL STUDIO 2012\PROJECTS\GELDOCSYSTEM\GELWRAPPER\DEBUG\STDAFX.OBJ
C:\USERS\LAHIRU\DOCUMENTS\VISUAL STUDIO 2012\PROJECTS\GELDOCSYSTEM\GELWRAPPER\DEBUG\VC110.PDB
C:\USERS\LAHIRU\DOCUMENTS\VISUAL STUDIO 2012\PROJECTS\GELDOCSYSTEM\GELWRAPPER\DEBUG\GELWRAPPER.OBJ
C:\USERS\LAHIRU\DOCUMENTS\VISUAL STUDIO 2012\PROJECTS\GELDOCSYSTEM\GELWRAPPER\DEBUG\CONVERTER.OBJ
C:\USERS\LAHIRU\DOCUMENTS\VISUAL STUDIO 2012\PROJECTS\GELDOCSYSTEM\GELWRAPPER\DEBUG\ASSEMBLYINFO.OBJ
C:\USERS\LAHIRU\DOCUMENTS\VISUAL STUDIO 2012\PROJECTS\GELDOCSYSTEM\GELWRAPPER\DEBUG\.NETFRAMEWORK,VERSION=V4.5.ASSEMBLYATTRIBUTES.OBJ
C:\Users\Lahiru\Documents\Visual Studio 2012\Projects\GelDocSystem\Debug\GelWrapper.lib
C:\Users\Lahiru\Documents\Visual Studio 2012\Projects\GelDocSystem\Debug\GelWrapper.exp
C:\USERS\LAHIRU\DOCUMENTS\VISUAL STUDIO 2012\PROJECTS\GELDOCSYSTEM\DEBUG\GELWRAPPER.ILK
C:\USERS\LAHIRU\DOCUMENTS\VISUAL STUDIO 2012\PROJECTS\GELDOCSYSTEM\DEBUG\GELWRAPPER.DLL
C:\USERS\LAHIRU\DOCUMENTS\VISUAL STUDIO 2012\PROJECTS\GELDOCSYSTEM\DEBUG\GELWRAPPER.PDB
C:\USERS\LAHIRU\DOCUMENTS\VISUAL STUDIO 2012\PROJECTS\GELDOCSYSTEM\GELWRAPPER\DEBUG\APP.RES
C:\Users\Lahiru\Documents\Visual Studio 2012\Projects\GelDocSystem\GelWrapper\Debug\GelWrapper.vcxprojResolveAssemblyReference.cache
C:\Users\Lahiru\Documents\Visual Studio 2012\Projects\GelDocSystem\GelWrapper\Debug\.NETFramework,Version=v4.5.AssemblyAttributes.obj
C:\Users\Lahiru\Documents\Visual Studio 2012\Projects\GelDocSystem\GelWrapper\Debug\AssemblyInfo.obj
C:\Users\Lahiru\Documents\Visual Studio 2012\Projects\GelDocSystem\GelWrapper\Debug\Converter.obj
C:\Users\Lahiru\Documents\Visual Studio 2012\Projects\GelDocSystem\GelWrapper\Debug\GelWrapper.obj
C:\Users\Lahiru\Documents\Visual Studio 2012\Projects\GelDocSystem\GelWrapper\Debug\Stdafx.obj
C:\Users\Lahiru\Documents\Visual Studio 2012\Projects\GelDocSystem\GelWrapper\Debug\cl.command.1.tlog
C:\Users\Lahiru\Documents\Visual Studio 2012\Projects\GelDocSystem\GelWrapper\Debug\CL.read.1.tlog
C:\Users\Lahiru\Documents\Visual Studio 2012\Projects\GelDocSystem\GelWrapper\Debug\CL.write.1.tlog
C:\Users\Lahiru\Documents\Visual Studio 2012\Projects\GelDocSystem\GelWrapper\Debug\GelWrapper.write.1.tlog
C:\Users\Lahiru\Documents\Visual Studio 2012\Projects\GelDocSystem\GelWrapper\Debug\link.3740-cvtres.read.1.tlog
C:\Users\Lahiru\Documents\Visual Studio 2012\Projects\GelDocSystem\GelWrapper\Debug\link.3740-cvtres.write.1.tlog
C:\Users\Lahiru\Documents\Visual Studio 2012\Projects\GelDocSystem\GelWrapper\Debug\link.3740-rc.read.1.tlog
C:\Users\Lahiru\Documents\Visual Studio 2012\Projects\GelDocSystem\GelWrapper\Debug\link.3740-rc.write.1.tlog
C:\Users\Lahiru\Documents\Visual Studio 2012\Projects\GelDocSystem\GelWrapper\Debug\link.3740.read.1.tlog
C:\Users\Lahiru\Documents\Visual Studio 2012\Projects\GelDocSystem\GelWrapper\Debug\link.3740.write.1.tlog
C:\Users\Lahiru\Documents\Visual Studio 2012\Projects\GelDocSystem\GelWrapper\Debug\link.6556-cvtres.read.1.tlog
C:\Users\Lahiru\Documents\Visual Studio 2012\Projects\GelDocSystem\GelWrapper\Debug\link.6556-cvtres.write.1.tlog
C:\Users\Lahiru\Documents\Visual Studio 2012\Projects\GelDocSystem\GelWrapper\Debug\link.6556-rc.read.1.tlog
C:\Users\Lahiru\Documents\Visual Studio 2012\Projects\GelDocSystem\GelWrapper\Debug\link.6556-rc.write.1.tlog
C:\Users\Lahiru\Documents\Visual Studio 2012\Projects\GelDocSystem\GelWrapper\Debug\link.6556.read.1.tlog
C:\Users\Lahiru\Documents\Visual Studio 2012\Projects\GelDocSystem\GelWrapper\Debug\link.6556.write.1.tlog
C:\Users\Lahiru\Documents\Visual Studio 2012\Projects\GelDocSystem\GelWrapper\Debug\link.command.1.tlog
C:\Users\Lahiru\Documents\Visual Studio 2012\Projects\GelDocSystem\GelWrapper\Debug\link.read.1.tlog
C:\Users\Lahiru\Documents\Visual Studio 2012\Projects\GelDocSystem\GelWrapper\Debug\link.write.1.tlog
C:\Users\Lahiru\Documents\Visual Studio 2012\Projects\GelDocSystem\GelWrapper\Debug\metagen.read.1.tlog
C:\Users\Lahiru\Documents\Visual Studio 2012\Projects\GelDocSystem\GelWrapper\Debug\metagen.write.1.tlog
C:\Users\Lahiru\Documents\Visual Studio 2012\Projects\GelDocSystem\GelWrapper\Debug\rc.command.1.tlog
C:\Users\Lahiru\Documents\Visual Studio 2012\Projects\GelDocSystem\GelWrapper\Debug\rc.read.1.tlog
C:\Users\Lahiru\Documents\Visual Studio 2012\Projects\GelDocSystem\GelWrapper\Debug\rc.write.1.tlog
C:\Users\Lahiru\Documents\Visual Studio 2012\Projects\GelDocSystem\GelWrapper\Debug\app.res
C:\Users\Lahiru\Documents\Visual Studio 2012\Projects\GelDocSystem\GelWrapper\Debug\GelWrapper.pch
C:\Users\Lahiru\Documents\Visual Studio 2012\Projects\GelDocSystem\GelWrapper\Debug\vc110.pdb
C:\Users\Lahiru\Documents\Visual Studio 2012\Projects\GelDocSystem\GelWrapper\Debug\TZRES.DLL.bi
C:\Users\Lahiru\Documents\Visual Studio 2012\Projects\GelDocSystem\Debug\GelWrapper.pdb
C:\Users\Lahiru\Documents\Visual Studio 2012\Projects\GelDocSystem\Debug\GelWrapper.dll
C:\Users\Lahiru\Documents\Visual Studio 2012\Projects\GelDocSystem\Debug\GelWrapper.ilk
