C:\USERS\LAHIRU\DOCUMENTS\VISUAL STUDIO 2012\PROJECTS\GELDOCSYSTEM\GELDOCSYSTEM\DEBUG\BPVALUEGENERATION.OBJ
C:\USERS\LAHIRU\DOCUMENTS\VISUAL STUDIO 2012\PROJECTS\GELDOCSYSTEM\GELDOCSYSTEM\DEBUG\COLUMNOBJECT.OBJ
C:\USERS\LAHIRU\DOCUMENTS\VISUAL STUDIO 2012\PROJECTS\GELDOCSYSTEM\GELDOCSYSTEM\DEBUG\DNABANDPOSITIONEXTRACTION.OBJ
C:\USERS\LAHIRU\DOCUMENTS\VISUAL STUDIO 2012\PROJECTS\GELDOCSYSTEM\GELDOCSYSTEM\DEBUG\GELUTILS.OBJ
C:\USERS\LAHIRU\DOCUMENTS\VISUAL STUDIO 2012\PROJECTS\GELDOCSYSTEM\GELDOCSYSTEM\DEBUG\IMAGESEGMENTATION.OBJ
C:\USERS\LAHIRU\DOCUMENTS\VISUAL STUDIO 2012\PROJECTS\GELDOCSYSTEM\GELDOCSYSTEM\DEBUG\SEGMENTEDIMAGEPART.OBJ
C:\USERS\LAHIRU\DOCUMENTS\VISUAL STUDIO 2012\PROJECTS\GELDOCSYSTEM\GELDOCSYSTEM\DEBUG\VC110.PDB
C:\Users\Lahiru\Documents\Visual Studio 2012\Projects\GelDocSystem\GelDocSystem\Debug\BPValueGeneration.obj
C:\Users\Lahiru\Documents\Visual Studio 2012\Projects\GelDocSystem\GelDocSystem\Debug\ColumnObject.obj
C:\Users\Lahiru\Documents\Visual Studio 2012\Projects\GelDocSystem\GelDocSystem\Debug\DNABandPositionExtraction.obj
C:\Users\Lahiru\Documents\Visual Studio 2012\Projects\GelDocSystem\GelDocSystem\Debug\GelUtils.obj
C:\Users\Lahiru\Documents\Visual Studio 2012\Projects\GelDocSystem\GelDocSystem\Debug\ImageSegmentation.obj
C:\Users\Lahiru\Documents\Visual Studio 2012\Projects\GelDocSystem\GelDocSystem\Debug\SegmentedImagePart.obj
C:\Users\Lahiru\Documents\Visual Studio 2012\Projects\GelDocSystem\GelDocSystem\Debug\cl.command.1.tlog
C:\Users\Lahiru\Documents\Visual Studio 2012\Projects\GelDocSystem\GelDocSystem\Debug\CL.read.1.tlog
C:\Users\Lahiru\Documents\Visual Studio 2012\Projects\GelDocSystem\GelDocSystem\Debug\CL.write.1.tlog
C:\Users\Lahiru\Documents\Visual Studio 2012\Projects\GelDocSystem\GelDocSystem\Debug\link-cvtres.read.1.tlog
C:\Users\Lahiru\Documents\Visual Studio 2012\Projects\GelDocSystem\GelDocSystem\Debug\link-cvtres.write.1.tlog
C:\Users\Lahiru\Documents\Visual Studio 2012\Projects\GelDocSystem\GelDocSystem\Debug\link-rc.read.1.tlog
C:\Users\Lahiru\Documents\Visual Studio 2012\Projects\GelDocSystem\GelDocSystem\Debug\link-rc.write.1.tlog
C:\Users\Lahiru\Documents\Visual Studio 2012\Projects\GelDocSystem\GelDocSystem\Debug\link.command.1.tlog
C:\Users\Lahiru\Documents\Visual Studio 2012\Projects\GelDocSystem\GelDocSystem\Debug\link.read.1.tlog
C:\Users\Lahiru\Documents\Visual Studio 2012\Projects\GelDocSystem\GelDocSystem\Debug\link.write.1.tlog
C:\Users\Lahiru\Documents\Visual Studio 2012\Projects\GelDocSystem\GelDocSystem\Debug\vc110.idb
C:\Users\Lahiru\Documents\Visual Studio 2012\Projects\GelDocSystem\GelDocSystem\Debug\vc110.pdb
C:\Users\Lahiru\Documents\Visual Studio 2012\Projects\GelDocSystem\Debug\GelDocSystem.pdb
